\BOOKMARK [0][]{section*.1}{\376\377\144\130\000\040\000\040\000\040\000\040\211\201}{}% 1
\BOOKMARK [0][]{section*.3}{\376\377\000A\000b\000s\000t\000r\000a\000c\000t}{}% 2
\BOOKMARK [0][]{chapter.1}{\376\377\0001\000\040\176\352\213\272}{}% 3
\BOOKMARK [1][]{section.1.1}{\376\377\0001\000.\0001\000\040\170\024\172\166\200\314\146\157\116\016\141\017\116\111}{chapter.1}% 4
\BOOKMARK [1][]{section.1.2}{\376\377\0001\000.\0002\000\040\126\375\121\205\131\026\170\024\172\166\163\260\162\266}{chapter.1}% 5
\BOOKMARK [1][]{section.1.3}{\376\377\0001\000.\0003\000\040\121\163\225\056\225\356\230\230}{chapter.1}% 6
\BOOKMARK [1][]{section.1.4}{\376\377\0001\000.\0004\000\040\170\024\172\166\121\205\133\271}{chapter.1}% 7
\BOOKMARK [0][]{chapter.2}{\376\377\0002\000\040\127\372\170\100\164\006\213\272\116\016\166\370\121\163\135\345\117\134}{}% 8
\BOOKMARK [1][]{section.2.1}{\376\377\0002\000.\0001\000\040\143\250\203\120\173\227\154\325\166\370\121\163\135\345\117\134}{chapter.2}% 9
\BOOKMARK [1][]{section.2.2}{\376\377\0002\000.\0002\000\040\133\371\153\324\133\146\116\140\166\370\121\163\135\345\117\134}{chapter.2}% 10
\BOOKMARK [1][]{section.2.3}{\376\377\0002\000.\0003\000\040\230\204\131\007\167\345\213\306}{chapter.2}% 11
\BOOKMARK [0][]{chapter.3}{\376\377\0003\000\040\127\372\116\216\201\352\220\002\136\224\153\143\117\213\123\273\126\152\166\204\143\250\203\120\173\227\154\325\170\024\172\166}{}% 12
\BOOKMARK [1][]{section.3.1}{\376\377\0003\000.\0001\000\040\137\025\212\000}{chapter.3}% 13
\BOOKMARK [1][]{section.3.2}{\376\377\0003\000.\0002\000\040\201\352\220\002\136\224\153\143\117\213\123\273\126\152\173\227\154\325\213\276\213\241}{chapter.3}% 14
\BOOKMARK [1][]{section.3.3}{\376\377\0003\000.\0003\000\040\173\227\154\325\133\236\163\260\116\016\145\366\225\364\131\015\147\102\136\246\122\006\147\220}{chapter.3}% 15
\BOOKMARK [1][]{section.3.4}{\376\377\0003\000.\0004\000\040\145\066\145\133\140\047\122\006\147\220}{chapter.3}% 16
\BOOKMARK [1][]{section.3.5}{\376\377\0003\000.\0005\000\040\133\236\232\214\176\323\147\234\123\312\122\006\147\220}{chapter.3}% 17
\BOOKMARK [1][]{section.3.6}{\376\377\0003\000.\0006\000\040\147\054\172\340\134\017\176\323}{chapter.3}% 18
\BOOKMARK [0][]{chapter.4}{\376\377\0004\000\040\127\372\116\216\147\000\117\030\215\037\221\307\150\067\121\306\122\031\166\204\143\250\203\120\173\227\154\325\170\024\172\166}{}% 19
\BOOKMARK [1][]{section.4.1}{\376\377\0004\000.\0001\000\040\137\025\212\000}{chapter.4}% 20
\BOOKMARK [1][]{section.4.2}{\376\377\0004\000.\0002\000\040\215\037\117\213\221\307\150\067\122\006\147\220}{chapter.4}% 21
\BOOKMARK [1][]{section.4.3}{\376\377\0004\000.\0003\000\040\147\000\117\030\215\037\117\213\221\307\150\067\173\227\154\325\213\276\213\241}{chapter.4}% 22
\BOOKMARK [1][]{section.4.4}{\376\377\0004\000.\0004\000\040\173\227\154\325\133\236\163\260\116\016\145\366\225\364\131\015\147\102\136\246\122\006\147\220}{chapter.4}% 23
\BOOKMARK [1][]{section.4.5}{\376\377\0004\000.\0005\000\040\133\236\232\214\176\323\147\234\123\312\122\006\147\220}{chapter.4}% 24
\BOOKMARK [1][]{section.4.6}{\376\377\0004\000.\0006\000\040\147\054\172\340\134\017\176\323}{chapter.4}% 25
\BOOKMARK [0][]{chapter.5}{\376\377\0005\000\040\127\372\116\216\123\273\120\117\142\020\133\371\143\137\131\061\166\204\143\250\203\120\173\227\154\325\170\024\172\166}{}% 26
\BOOKMARK [1][]{section.5.1}{\376\377\0005\000.\0001\000\040\137\025\212\000}{chapter.5}% 27
\BOOKMARK [1][]{section.5.2}{\376\377\0005\000.\0002\000\040\142\020\133\371\143\137\131\061\117\030\123\026\166\356\150\007\122\006\147\220}{chapter.5}% 28
\BOOKMARK [1][]{section.5.3}{\376\377\0005\000.\0003\000\040\123\273\120\117\142\020\133\371\143\137\131\061\121\375\145\160\213\276\213\241}{chapter.5}% 29
\BOOKMARK [1][]{section.5.4}{\376\377\0005\000.\0004\000\040\173\227\154\325\133\236\163\260\116\016\145\366\225\364\131\015\147\102\136\246\122\006\147\220}{chapter.5}% 30
\BOOKMARK [1][]{section.5.5}{\376\377\0005\000.\0005\000\040\123\273\120\117\142\020\133\371\143\137\131\061\166\204\164\006\213\272\122\006\147\220}{chapter.5}% 31
\BOOKMARK [1][]{section.5.6}{\376\377\0005\000.\0006\000\040\133\236\232\214\176\323\147\234\123\312\122\006\147\220}{chapter.5}% 32
\BOOKMARK [1][]{section.5.7}{\376\377\0005\000.\0007\000\040\147\054\172\340\134\017\176\323}{chapter.5}% 33
\BOOKMARK [0][]{chapter.6}{\376\377\0006\000\040\127\372\116\216\215\035\123\366\145\257\201\352\166\321\167\143\133\371\153\324\143\137\131\061\166\204\143\250\203\120\173\227\154\325\170\024\172\166}{}% 34
\BOOKMARK [1][]{section.6.1}{\376\377\0006\000.\0001\000\040\137\025\212\000}{chapter.6}% 35
\BOOKMARK [1][]{section.6.2}{\376\377\0006\000.\0002\000\040\133\371\153\324\143\137\131\061\117\030\123\026\166\356\150\007\122\006\147\220}{chapter.6}% 36
\BOOKMARK [1][]{section.6.3}{\376\377\0006\000.\0003\000\040\215\035\123\366\145\257\201\352\166\321\167\143\133\371\153\324\143\137\131\061\121\375\145\160\213\276\213\241}{chapter.6}% 37
\BOOKMARK [1][]{section.6.4}{\376\377\0006\000.\0004\000\040\173\227\154\325\133\236\163\260\116\016\145\366\225\364\131\015\147\102\136\246\122\006\147\220}{chapter.6}% 38
\BOOKMARK [1][]{section.6.5}{\376\377\0006\000.\0005\000\040\215\035\123\366\145\257\201\352\166\321\167\143\133\371\153\324\143\137\131\061\166\204\164\006\213\272\122\006\147\220}{chapter.6}% 39
\BOOKMARK [1][]{section.6.6}{\376\377\0006\000.\0006\000\040\133\236\232\214\176\323\147\234\123\312\122\006\147\220}{chapter.6}% 40
\BOOKMARK [1][]{section.6.7}{\376\377\0006\000.\0007\000\040\147\054\172\340\134\017\176\323}{chapter.6}% 41
\BOOKMARK [0][]{chapter.7}{\376\377\0007\000\040\140\073\176\323\116\016\134\125\147\033}{}% 42
\BOOKMARK [1][]{section.7.1}{\376\377\0007\000.\0001\000\040\121\150\145\207\140\073\176\323}{chapter.7}% 43
\BOOKMARK [1][]{section.7.2}{\376\377\0007\000.\0002\000\040\124\016\176\355\135\345\117\134\134\125\147\033}{chapter.7}% 44
\BOOKMARK [0][]{section*.67}{\376\377\201\364\000\040\214\042}{}% 45
\BOOKMARK [0][]{section*.69}{\376\377\123\302\200\003\145\207\163\056}{}% 46
\BOOKMARK [0][]{appendix.A}{\376\377\0001\000\040\173\124\217\251\131\324\124\130\117\032\121\263\213\256}{}% 47
\BOOKMARK [0][]{appendix.B}{\376\377\0002\000\040\145\073\213\373\123\132\130\353\133\146\117\115\147\037\225\364\123\326\137\227\166\204\170\024\172\166\142\020\147\234}{}% 48
\BOOKMARK [0][]{appendix.C}{\376\377\0003\000\040\121\154\137\000\123\321\210\150\166\204\133\146\147\057\213\272\145\207\116\016\123\132\130\353\133\146\117\115\213\272\145\207\166\204\121\163\174\373}{}% 49
\BOOKMARK [0][]{appendix.D}{\376\377\0004\000\040\116\055\202\361\145\207\177\051\121\231\133\371\161\147\210\150}{}% 50
