This is pdfTeX, Version 3.141592653-2.6-1.40.22 (TeX Live 2021/W32TeX) (preloaded format=pdflatex 2021.7.25)  24 SEP 2023 20:46
entering extended mode
 restricted \write18 enabled.
 %&-line parsing enabled.
**chap05.tex
(./chap05.tex
LaTeX2e <2020-10-01> patch level 4
L3 programming layer <2021-02-18>
! Undefined control sequence.
l.1 \chapter
            {å¯¹æ¯”æŸå¤±å‡½æ•°æ ¡æ­£ç ”ç©¶}
The control sequence at the end of the top line
of your error message was never \def'ed. If you have
misspelled it (e.g., `\hobx'), type `I' and the correct
spelling (e.g., `I\hbox'). Otherwise just continue,
and I'll forget about whatever was undefined.


! Package inputenc Error: Unicode character å¯¹ (U+5BF9)
(inputenc)                not set up for use with LaTeX.

See the inputenc package documentation for explanation.
Type  H <return>  for immediate help.
 ...                                              
                                                  
l.1 \chapter{å¯¹
                æ¯”æŸå¤±å‡½æ•°æ ¡æ­£ç ”ç©¶}
You may provide a definition with
\DeclareUnicodeCharacter 


! Package inputenc Error: Unicode character æ¯” (U+6BD4)
(inputenc)                not set up for use with LaTeX.

See the inputenc package documentation for explanation.
Type  H <return>  for immediate help.
 ...                                              
                                                  
l.1 \chapter{å¯¹æ¯”
                   æŸå¤±å‡½æ•°æ ¡æ­£ç ”ç©¶}
You may provide a definition with
\DeclareUnicodeCharacter 


! Package inputenc Error: Unicode character æŸ (U+635F)
(inputenc)                not set up for use with LaTeX.

See the inputenc package documentation for explanation.
Type  H <return>  for immediate help.
 ...                                              
                                                  
l.1 \chapter{å¯¹æ¯”æŸ
                      å¤±å‡½æ•°æ ¡æ­£ç ”ç©¶}
You may provide a definition with
\DeclareUnicodeCharacter 


! Package inputenc Error: Unicode character å¤± (U+5931)
(inputenc)                not set up for use with LaTeX.

See the inputenc package documentation for explanation.
Type  H <return>  for immediate help.
 ...                                              
                                                  
l.1 \chapter{å¯¹æ¯”æŸå¤±
                         å‡½æ•°æ ¡æ­£ç ”ç©¶}
You may provide a definition with
\DeclareUnicodeCharacter 


! Package inputenc Error: Unicode character å‡½ (U+51FD)
(inputenc)                not set up for use with LaTeX.

See the inputenc package documentation for explanation.
Type  H <return>  for immediate help.
 ...                                              
                                                  
l.1 \chapter{å¯¹æ¯”æŸå¤±å‡½
                            æ•°æ ¡æ­£ç ”ç©¶}
You may provide a definition with
\DeclareUnicodeCharacter 


! Package inputenc Error: Unicode character æ•° (U+6570)
(inputenc)                not set up for use with LaTeX.

See the inputenc package documentation for explanation.
Type  H <return>  for immediate help.
 ...                                              
                                                  
l.1 \chapter{å¯¹æ¯”æŸå¤±å‡½æ•°
                               æ ¡æ­£ç ”ç©¶}
You may provide a definition with
\DeclareUnicodeCharacter 


! Package inputenc Error: Unicode character æ ¡ (U+6821)
(inputenc)                not set up for use with LaTeX.

See the inputenc package documentation for explanation.
Type  H <return>  for immediate help.
 ...                                              
                                                  
l.1 \chapter{å¯¹æ¯”æŸå¤±å‡½æ•°æ ¡
                                  æ­£ç ”ç©¶}
You may provide a definition with
\DeclareUnicodeCharacter 


! Package inputenc Error: Unicode character æ­£ (U+6B63)
(inputenc)                not set up for use with LaTeX.

See the inputenc package documentation for explanation.
Type  H <return>  for immediate help.
 ...                                              
                                                  
l.1 \chapter{å¯¹æ¯”æŸå¤±å‡½æ•°æ ¡æ­£
                                     ç ”ç©¶}
You may provide a definition with
\DeclareUnicodeCharacter 


! Package inputenc Error: Unicode character ç ” (U+7814)
(inputenc)                not set up for use with LaTeX.

See the inputenc package documentation for explanation.
Type  H <return>  for immediate help.
 ...                                              
                                                  
l.1 \chapter{å¯¹æ¯”æŸå¤±å‡½æ•°æ ¡æ­£ç ”
                                        ç©¶}
You may provide a definition with
\DeclareUnicodeCharacter 


! Package inputenc Error: Unicode character ç©¶ (U+7A76)
(inputenc)                not set up for use with LaTeX.

See the inputenc package documentation for explanation.
Type  H <return>  for immediate help.
 ...                                              
                                                  
l.1 \chapter{å¯¹æ¯”æŸå¤±å‡½æ•°æ ¡æ­£ç ”ç©¶
                                           }
You may provide a definition with
\DeclareUnicodeCharacter 


! Package inputenc Error: Unicode character åœ¨ (U+5728)
(inputenc)                not set up for use with LaTeX.

See the inputenc package documentation for explanation.
Type  H <return>  for immediate help.
 ...                                              
                                                  
l.7 åœ¨
       å¯¹æ¯”å­¦ä¹ ç§ï¼Œè´Ÿä¾‹ä¸ªæ•°Næ¨é«˜äº†å·²çŸ¥æ•°æ®å’Œå¾…é¢„æµ‹æ•°æ...

You may provide a definition with
\DeclareUnicodeCharacter 


! Package inputenc Error: Unicode character å¯¹ (U+5BF9)
(inputenc)                not set up for use with LaTeX.

See the inputenc package documentation for explanation.
Type  H <return>  for immediate help.
 ...                                              
                                                  
l.7 åœ¨å¯¹
          æ¯”å­¦ä¹ ç§ï¼Œè´Ÿä¾‹ä¸ªæ•°Næ¨é«˜äº†å·²çŸ¥æ•°æ®å’Œå¾…é¢„æµ‹æ•°æ...

You may provide a definition with
\DeclareUnicodeCharacter 


! Package inputenc Error: Unicode character æ¯” (U+6BD4)
(inputenc)                not set up for use with LaTeX.

See the inputenc package documentation for explanation.
Type  H <return>  for immediate help.
 ...                                              
                                                  
l.7 åœ¨å¯¹æ¯”
             å­¦ä¹ ç§ï¼Œè´Ÿä¾‹ä¸ªæ•°Næ¨é«˜äº†å·²çŸ¥æ•°æ®å’Œå¾…é¢„æµ‹æ•°æ...

You may provide a definition with
\DeclareUnicodeCharacter 


! Package inputenc Error: Unicode character å­¦ (U+5B66)
(inputenc)                not set up for use with LaTeX.

See the inputenc package documentation for explanation.
Type  H <return>  for immediate help.
 ...                                              
                                                  
l.7 åœ¨å¯¹æ¯”å­¦
                ä¹ ç§ï¼Œè´Ÿä¾‹ä¸ªæ•°Næ¨é«˜äº†å·²çŸ¥æ•°æ®å’Œå¾…é¢„æµ‹æ•°æ...

You may provide a definition with
\DeclareUnicodeCharacter 


! Package inputenc Error: Unicode character ä¹  (U+4E60)
(inputenc)                not set up for use with LaTeX.

See the inputenc package documentation for explanation.
Type  H <return>  for immediate help.
 ...                                              
                                                  
l.7 åœ¨å¯¹æ¯”å­¦ä¹ 
                   ç§ï¼Œè´Ÿä¾‹ä¸ªæ•°Næ¨é«˜äº†å·²çŸ¥æ•°æ®å’Œå¾…é¢„æµ‹æ•°æ...

You may provide a definition with
\DeclareUnicodeCharacter 


! Package inputenc Error: Unicode character ç§ (U+79CD)
(inputenc)                not set up for use with LaTeX.

See the inputenc package documentation for explanation.
Type  H <return>  for immediate help.
 ...                                              
                                                  
l.7 åœ¨å¯¹æ¯”å­¦ä¹ ç§
                      ï¼Œè´Ÿä¾‹ä¸ªæ•°Næ¨é«˜äº†å·²çŸ¥æ•°æ®å’Œå¾…é¢„æµ‹æ•°æ...

You may provide a definition with
\DeclareUnicodeCharacter 


! Package inputenc Error: Unicode character ï¼Œ (U+FF0C)
(inputenc)                not set up for use with LaTeX.

See the inputenc package documentation for explanation.
Type  H <return>  for immediate help.
 ...                                              
                                                  
l.7 åœ¨å¯¹æ¯”å­¦ä¹ ç§ï¼Œ
                         è´Ÿä¾‹ä¸ªæ•°Næ¨é«˜äº†å·²çŸ¥æ•°æ®å’Œå¾…é¢„æµ‹æ•°æ...

You may provide a definition with
\DeclareUnicodeCharacter 


! Package inputenc Error: Unicode character è´Ÿ (U+8D1F)
(inputenc)                not set up for use with LaTeX.

See the inputenc package documentation for explanation.
Type  H <return>  for immediate help.
 ...                                              
                                                  
l.7 åœ¨å¯¹æ¯”å­¦ä¹ ç§ï¼Œè´Ÿ
                            ä¾‹ä¸ªæ•°Næ¨é«˜äº†å·²çŸ¥æ•°æ®å’Œå¾…é¢„æµ‹æ•°æ...

You may provide a definition with
\DeclareUnicodeCharacter 


! Package inputenc Error: Unicode character ä¾‹ (U+4F8B)
(inputenc)                not set up for use with LaTeX.

See the inputenc package documentation for explanation.
Type  H <return>  for immediate help.
 ...                                              
                                                  
l.7 åœ¨å¯¹æ¯”å­¦ä¹ ç§ï¼Œè´Ÿä¾‹
                               ä¸ªæ•°Næ¨é«˜äº†å·²çŸ¥æ•°æ®å’Œå¾…é¢„æµ‹æ•°æ...

You may provide a definition with
\DeclareUnicodeCharacter 


! Package inputenc Error: Unicode character ä¸ª (U+4E2A)
(inputenc)                not set up for use with LaTeX.

See the inputenc package documentation for explanation.
Type  H <return>  for immediate help.
 ...                                              
                                                  
l.7 åœ¨å¯¹æ¯”å­¦ä¹ ç§ï¼Œè´Ÿä¾‹ä¸ª
                                  æ•°Næ¨é«˜äº†å·²çŸ¥æ•°æ®å’Œå¾…é¢„æµ‹æ•°æ...

You may provide a definition with
\DeclareUnicodeCharacter 


! Package inputenc Error: Unicode character æ•° (U+6570)
(inputenc)                not set up for use with LaTeX.

See the inputenc package documentation for explanation.
Type  H <return>  for immediate help.
 ...                                              
                                                  
l.7 åœ¨å¯¹æ¯”å­¦ä¹ ç§ï¼Œè´Ÿä¾‹ä¸ªæ•°
                                     Næ¨é«˜äº†å·²çŸ¥æ•°æ®å’Œå¾…é¢„æµ‹æ•°æ...

You may provide a definition with
\DeclareUnicodeCharacter 


! LaTeX Error: Missing \begin{document}.

See the LaTeX manual or LaTeX Companion for explanation.
Type  H <return>  for immediate help.
 ...                                              
                                                  
l.7 åœ¨å¯¹æ¯”å­¦ä¹ ç§ï¼Œè´Ÿä¾‹ä¸ªæ•°N
                                      æ¨é«˜äº†å·²çŸ¥æ•°æ®å’Œå¾…é¢„æµ‹æ•°æ...

You're in trouble here.  Try typing  <return>  to proceed.
If that doesn't work, type  X <return>  to quit.

Missing character: There is no N in font nullfont!

! Package inputenc Error: Unicode character æ¨ (U+63A8)
(inputenc)                not set up for use with LaTeX.

See the inputenc package documentation for explanation.
Type  H <return>  for immediate help.
 ...                                              
                                                  
l.7 åœ¨å¯¹æ¯”å­¦ä¹ ç§ï¼Œè´Ÿä¾‹ä¸ªæ•°Næ¨
                                         é«˜äº†å·²çŸ¥æ•°æ®å’Œå¾…é¢„æµ‹æ•°æ...

You may provide a definition with
\DeclareUnicodeCharacter 


! Package inputenc Error: Unicode character é«˜ (U+9AD8)
(inputenc)                not set up for use with LaTeX.

See the inputenc package documentation for explanation.
Type  H <return>  for immediate help.
 ...                                              
                                                  
l.7 åœ¨å¯¹æ¯”å­¦ä¹ ç§ï¼Œè´Ÿä¾‹ä¸ªæ•°Næ¨é«˜
                                            äº†å·²çŸ¥æ•°æ®å’Œå¾…é¢„æµ‹æ•°æ...

You may provide a definition with
\DeclareUnicodeCharacter 


! Package inputenc Error: Unicode character äº† (U+4E86)
(inputenc)                not set up for use with LaTeX.

See the inputenc package documentation for explanation.
Type  H <return>  for immediate help.
 ...                                              
                                                  
l.7 åœ¨å¯¹æ¯”å­¦ä¹ ç§ï¼Œè´Ÿä¾‹ä¸ªæ•°Næ¨é«˜äº†
                                               å·²çŸ¥æ•°æ®å’Œå¾…é¢„æµ‹æ•°æ...

You may provide a definition with
\DeclareUnicodeCharacter 


! Package inputenc Error: Unicode character å·² (U+5DF2)
(inputenc)                not set up for use with LaTeX.

See the inputenc package documentation for explanation.
Type  H <return>  for immediate help.
 ...                                              
                                                  
l.7 åœ¨å¯¹æ¯”å­¦ä¹ ç§ï¼Œè´Ÿä¾‹ä¸ªæ•°Næ¨é«˜äº†å·²
                                                  çŸ¥æ•°æ®å’Œå¾…é¢„æµ‹æ•°æ...

You may provide a definition with
\DeclareUnicodeCharacter 


! Package inputenc Error: Unicode character çŸ¥ (U+77E5)
(inputenc)                not set up for use with LaTeX.

See the inputenc package documentation for explanation.
Type  H <return>  for immediate help.
 ...                                              
                                                  
l.7 ...æ¯”å­¦ä¹ ç§ï¼Œè´Ÿä¾‹ä¸ªæ•°Næ¨é«˜äº†å·²çŸ¥
                                                  æ•°æ®å’Œå¾…é¢„æµ‹æ•°æ®äº...

You may provide a definition with
\DeclareUnicodeCharacter 


! Package inputenc Error: Unicode character æ•° (U+6570)
(inputenc)                not set up for use with LaTeX.

See the inputenc package documentation for explanation.
Type  H <return>  for immediate help.
 ...                                              
                                                  
l.7 ...å­¦ä¹ ç§ï¼Œè´Ÿä¾‹ä¸ªæ•°Næ¨é«˜äº†å·²çŸ¥æ•°
                                                  æ®å’Œå¾…é¢„æµ‹æ•°æ®äº’ä¿...

You may provide a definition with
\DeclareUnicodeCharacter 


! Package inputenc Error: Unicode character æ® (U+636E)
(inputenc)                not set up for use with LaTeX.

See the inputenc package documentation for explanation.
Type  H <return>  for immediate help.
 ...                                              
                                                  
l.7 ...ä¹ ç§ï¼Œè´Ÿä¾‹ä¸ªæ•°Næ¨é«˜äº†å·²çŸ¥æ•°æ®
                                                  å’Œå¾…é¢„æµ‹æ•°æ®äº’ä¿¡æ...

You may provide a definition with
\DeclareUnicodeCharacter 


! Package inputenc Error: Unicode character å’Œ (U+548C)
(inputenc)                not set up for use with LaTeX.

See the inputenc package documentation for explanation.
Type  H <return>  for immediate help.
 ...                                              
                                                  
l.7 ...ç§ï¼Œè´Ÿä¾‹ä¸ªæ•°Næ¨é«˜äº†å·²çŸ¥æ•°æ®å’Œ
                                                  å¾…é¢„æµ‹æ•°æ®äº’ä¿¡æ¯çš...

You may provide a definition with
\DeclareUnicodeCharacter 


! Package inputenc Error: Unicode character å¾… (U+5F85)
(inputenc)                not set up for use with LaTeX.

See the inputenc package documentation for explanation.
Type  H <return>  for immediate help.
 ...                                              
                                                  
l.7 ...ï¼Œè´Ÿä¾‹ä¸ªæ•°Næ¨é«˜äº†å·²çŸ¥æ•°æ®å’Œå¾…
                                                  é¢„æµ‹æ•°æ®äº’ä¿¡æ¯çš„ä¸...

You may provide a definition with
\DeclareUnicodeCharacter 


! Package inputenc Error: Unicode character é¢„ (U+9884)
(inputenc)                not set up for use with LaTeX.

See the inputenc package documentation for explanation.
Type  H <return>  for immediate help.
 ...                                              
                                                  
l.7 ...è´Ÿä¾‹ä¸ªæ•°Næ¨é«˜äº†å·²çŸ¥æ•°æ®å’Œå¾…é¢„
                                                  æµ‹æ•°æ®äº’ä¿¡æ¯çš„ä¸‹ç•...

You may provide a definition with
\DeclareUnicodeCharacter 


! Package inputenc Error: Unicode character æµ‹ (U+6D4B)
(inputenc)                not set up for use with LaTeX.

See the inputenc package documentation for explanation.
Type  H <return>  for immediate help.
 ...                                              
                                                  
l.7 ...ä¾‹ä¸ªæ•°Næ¨é«˜äº†å·²çŸ¥æ•°æ®å’Œå¾…é¢„æµ‹
                                                  æ•°æ®äº’ä¿¡æ¯çš„ä¸‹ç•Œï¼...

You may provide a definition with
\DeclareUnicodeCharacter 


! Package inputenc Error: Unicode character æ•° (U+6570)
(inputenc)                not set up for use with LaTeX.

See the inputenc package documentation for explanation.
Type  H <return>  for immediate help.
 ...                                              
                                                  
l.7 ...ä¸ªæ•°Næ¨é«˜äº†å·²çŸ¥æ•°æ®å’Œå¾…é¢„æµ‹æ•°
                                                  æ®äº’ä¿¡æ¯çš„ä¸‹ç•Œï¼Œä½...

You may provide a definition with
\DeclareUnicodeCharacter 


! Package inputenc Error: Unicode character æ® (U+636E)
(inputenc)                not set up for use with LaTeX.

See the inputenc package documentation for explanation.
Type  H <return>  for immediate help.
 ...                                              
                                                  
l.7 ...æ•°Næ¨é«˜äº†å·²çŸ¥æ•°æ®å’Œå¾…é¢„æµ‹æ•°æ®
                                                  äº’ä¿¡æ¯çš„ä¸‹ç•Œï¼Œä½¿å¾...

You may provide a definition with
\DeclareUnicodeCharacter 


! Package inputenc Error: Unicode character äº’ (U+4E92)
(inputenc)                not set up for use with LaTeX.

See the inputenc package documentation for explanation.
Type  H <return>  for immediate help.
 ...                                              
                                                  
l.7 ...Næ¨é«˜äº†å·²çŸ¥æ•°æ®å’Œå¾…é¢„æµ‹æ•°æ®äº’
                                                  ä¿¡æ¯çš„ä¸‹ç•Œï¼Œä½¿å¾—å­...

You may provide a definition with
\DeclareUnicodeCharacter 


! Package inputenc Error: Unicode character ä¿¡ (U+4FE1)
(inputenc)                not set up for use with LaTeX.

See the inputenc package documentation for explanation.
Type  H <return>  for immediate help.
 ...                                              
                                                  
l.7 ...¨é«˜äº†å·²çŸ¥æ•°æ®å’Œå¾…é¢„æµ‹æ•°æ®äº’ä¿¡
                                                  æ¯çš„ä¸‹ç•Œï¼Œä½¿å¾—å­¦åˆ...

You may provide a definition with
\DeclareUnicodeCharacter 


! Package inputenc Error: Unicode character æ¯ (U+606F)
(inputenc)                not set up for use with LaTeX.

See the inputenc package documentation for explanation.
Type  H <return>  for immediate help.
 ...                                              
                                                  
l.7 ...˜äº†å·²çŸ¥æ•°æ®å’Œå¾…é¢„æµ‹æ•°æ®äº’ä¿¡æ¯
                                                  çš„ä¸‹ç•Œï¼Œä½¿å¾—å­¦åˆ°çš...

You may provide a definition with
\DeclareUnicodeCharacter 


! Package inputenc Error: Unicode character çš„ (U+7684)
(inputenc)                not set up for use with LaTeX.

See the inputenc package documentation for explanation.
Type  H <return>  for immediate help.
 ...                                              
                                                  
l.7 ...†å·²çŸ¥æ•°æ®å’Œå¾…é¢„æµ‹æ•°æ®äº’ä¿¡æ¯çš„
                                                  ä¸‹ç•Œï¼Œä½¿å¾—å­¦åˆ°çš„å¯...

You may provide a definition with
\DeclareUnicodeCharacter 


! Package inputenc Error: Unicode character ä¸‹ (U+4E0B)
(inputenc)                not set up for use with LaTeX.

See the inputenc package documentation for explanation.
Type  H <return>  for immediate help.
 ...                                              
                                                  
l.7 ...²çŸ¥æ•°æ®å’Œå¾…é¢„æµ‹æ•°æ®äº’ä¿¡æ¯çš„ä¸‹
                                                  ç•Œï¼Œä½¿å¾—å­¦åˆ°çš„å¯¹æ¯...

You may provide a definition with
\DeclareUnicodeCharacter 


! Package inputenc Error: Unicode character ç•Œ (U+754C)
(inputenc)                not set up for use with LaTeX.

See the inputenc package documentation for explanation.
Type  H <return>  for immediate help.
 ...                                              
                                                  
l.7 ...¥æ•°æ®å’Œå¾…é¢„æµ‹æ•°æ®äº’ä¿¡æ¯çš„ä¸‹ç•Œ
                                                  ï¼Œä½¿å¾—å­¦åˆ°çš„å¯¹æ¯”è¡...

You may provide a definition with
\DeclareUnicodeCharacter 


! Package inputenc Error: Unicode character ï¼Œ (U+FF0C)
(inputenc)                not set up for use with LaTeX.

See the inputenc package documentation for explanation.
Type  H <return>  for immediate help.
 ...                                              
                                                  
l.7 ...°æ®å’Œå¾…é¢„æµ‹æ•°æ®äº’ä¿¡æ¯çš„ä¸‹ç•Œï¼Œ
                                                  ä½¿å¾—å­¦åˆ°çš„å¯¹æ¯”è¡¨ç¤...

You may provide a definition with
\DeclareUnicodeCharacter 


! Package inputenc Error: Unicode character ä½¿ (U+4F7F)
(inputenc)                not set up for use with LaTeX.

See the inputenc package documentation for explanation.
Type  H <return>  for immediate help.
 ...                                              
                                                  
l.7 ...®å’Œå¾…é¢„æµ‹æ•°æ®äº’ä¿¡æ¯çš„ä¸‹ç•Œï¼Œä½¿
                                                  å¾—å­¦åˆ°çš„å¯¹æ¯”è¡¨ç¤ºåœ...

You may provide a definition with
\DeclareUnicodeCharacter 


! Package inputenc Error: Unicode character å¾— (U+5F97)
(inputenc)                not set up for use with LaTeX.

See the inputenc package documentation for explanation.
Type  H <return>  for immediate help.
 ...                                              
                                                  
l.7 ...Œå¾…é¢„æµ‹æ•°æ®äº’ä¿¡æ¯çš„ä¸‹ç•Œï¼Œä½¿å¾—
                                                  å­¦åˆ°çš„å¯¹æ¯”è¡¨ç¤ºåœ¨ä¸...

You may provide a definition with
\DeclareUnicodeCharacter 


! Package inputenc Error: Unicode character å­¦ (U+5B66)
(inputenc)                not set up for use with LaTeX.

See the inputenc package documentation for explanation.
Type  H <return>  for immediate help.
 ...                                              
                                                  
l.7 ...…é¢„æµ‹æ•°æ®äº’ä¿¡æ¯çš„ä¸‹ç•Œï¼Œä½¿å¾—å­¦
                                                  åˆ°çš„å¯¹æ¯”è¡¨ç¤ºåœ¨ä¸‹æ¸...

You may provide a definition with
\DeclareUnicodeCharacter 


! Package inputenc Error: Unicode character åˆ° (U+5230)
(inputenc)                not set up for use with LaTeX.

See the inputenc package documentation for explanation.
Type  H <return>  for immediate help.
 ...                                              
                                                  
l.7 ...„æµ‹æ•°æ®äº’ä¿¡æ¯çš„ä¸‹ç•Œï¼Œä½¿å¾—å­¦åˆ°
                                                  çš„å¯¹æ¯”è¡¨ç¤ºåœ¨ä¸‹æ¸¸ä»...

You may provide a definition with
\DeclareUnicodeCharacter 


! Package inputenc Error: Unicode character çš„ (U+7684)
(inputenc)                not set up for use with LaTeX.

See the inputenc package documentation for explanation.
Type  H <return>  for immediate help.
 ...                                              
                                                  
l.7 ...‹æ•°æ®äº’ä¿¡æ¯çš„ä¸‹ç•Œï¼Œä½¿å¾—å­¦åˆ°çš„
                                                  å¯¹æ¯”è¡¨ç¤ºåœ¨ä¸‹æ¸¸ä»»åŠ...

You may provide a definition with
\DeclareUnicodeCharacter 


! Package inputenc Error: Unicode character å¯¹ (U+5BF9)
(inputenc)                not set up for use with LaTeX.

See the inputenc package documentation for explanation.
Type  H <return>  for immediate help.
 ...                                              
                                                  
l.7 ...°æ®äº’ä¿¡æ¯çš„ä¸‹ç•Œï¼Œä½¿å¾—å­¦åˆ°çš„å¯¹
                                                  æ¯”è¡¨ç¤ºåœ¨ä¸‹æ¸¸ä»»åŠ¡ä¸...

You may provide a definition with
\DeclareUnicodeCharacter 


! Package inputenc Error: Unicode character æ¯” (U+6BD4)
(inputenc)                not set up for use with LaTeX.

See the inputenc package documentation for explanation.
Type  H <return>  for immediate help.
 ...                                              
                                                  
l.7 ...®äº’ä¿¡æ¯çš„ä¸‹ç•Œï¼Œä½¿å¾—å­¦åˆ°çš„å¯¹æ¯”
                                                  è¡¨ç¤ºåœ¨ä¸‹æ¸¸ä»»åŠ¡ä¸­æ³...

You may provide a definition with
\DeclareUnicodeCharacter 


! Package inputenc Error: Unicode character è¡¨ (U+8868)
(inputenc)                not set up for use with LaTeX.

See the inputenc package documentation for explanation.
Type  H <return>  for immediate help.
 ...                                              
                                                  
l.7 ...’ä¿¡æ¯çš„ä¸‹ç•Œï¼Œä½¿å¾—å­¦åˆ°çš„å¯¹æ¯”è¡¨
                                                  ç¤ºåœ¨ä¸‹æ¸¸ä»»åŠ¡ä¸­æ³›åŒ...

You may provide a definition with
\DeclareUnicodeCharacter 


! Package inputenc Error: Unicode character ç¤º (U+793A)
(inputenc)                not set up for use with LaTeX.

See the inputenc package documentation for explanation.
Type  H <return>  for immediate help.
 ...                                              
                                                  
l.7 ...¡æ¯çš„ä¸‹ç•Œï¼Œä½¿å¾—å­¦åˆ°çš„å¯¹æ¯”è¡¨ç¤º
                                                  åœ¨ä¸‹æ¸¸ä»»åŠ¡ä¸­æ³›åŒ–è¡...

You may provide a definition with
\DeclareUnicodeCharacter 


! Package inputenc Error: Unicode character åœ¨ (U+5728)
(inputenc)                not set up for use with LaTeX.

See the inputenc package documentation for explanation.
Type  H <return>  for immediate help.
 ...                                              
                                                  
l.7 ...¯çš„ä¸‹ç•Œï¼Œä½¿å¾—å­¦åˆ°çš„å¯¹æ¯”è¡¨ç¤ºåœ¨
                                                  ä¸‹æ¸¸ä»»åŠ¡ä¸­æ³›åŒ–è¡¨ç...

You may provide a definition with
\DeclareUnicodeCharacter 


! Package inputenc Error: Unicode character ä¸‹ (U+4E0B)
(inputenc)                not set up for use with LaTeX.

See the inputenc package documentation for explanation.
Type  H <return>  for immediate help.
 ...                                              
                                                  
l.7 ...„ä¸‹ç•Œï¼Œä½¿å¾—å­¦åˆ°çš„å¯¹æ¯”è¡¨ç¤ºåœ¨ä¸‹
                                                  æ¸¸ä»»åŠ¡ä¸­æ³›åŒ–è¡¨ç°è¶...

You may provide a definition with
\DeclareUnicodeCharacter 


! Package inputenc Error: Unicode character æ¸¸ (U+6E38)
(inputenc)                not set up for use with LaTeX.

See the inputenc package documentation for explanation.
Type  H <return>  for immediate help.
 ...                                              
                                                  
l.7 ...‹ç•Œï¼Œä½¿å¾—å­¦åˆ°çš„å¯¹æ¯”è¡¨ç¤ºåœ¨ä¸‹æ¸¸
                                                  ä»»åŠ¡ä¸­æ³›åŒ–è¡¨ç°è¶Šå¥...

You may provide a definition with
\DeclareUnicodeCharacter 


! Package inputenc Error: Unicode character ä»» (U+4EFB)
(inputenc)                not set up for use with LaTeX.

See the inputenc package documentation for explanation.
Type  H <return>  for immediate help.
 ...                                              
                                                  
l.7 ...Œï¼Œä½¿å¾—å­¦åˆ°çš„å¯¹æ¯”è¡¨ç¤ºåœ¨ä¸‹æ¸¸ä»»
                                                  åŠ¡ä¸­æ³›åŒ–è¡¨ç°è¶Šå¥½\c...

You may provide a definition with
\DeclareUnicodeCharacter 


! Package inputenc Error: Unicode character åŠ¡ (U+52A1)
(inputenc)                not set up for use with LaTeX.

See the inputenc package documentation for explanation.
Type  H <return>  for immediate help.
 ...                                              
                                                  
l.7 ...Œä½¿å¾—å­¦åˆ°çš„å¯¹æ¯”è¡¨ç¤ºåœ¨ä¸‹æ¸¸ä»»åŠ¡
                                                  ä¸­æ³›åŒ–è¡¨ç°è¶Šå¥½\cite...

You may provide a definition with
\DeclareUnicodeCharacter 


! Package inputenc Error: Unicode character ä¸­ (U+4E2D)
(inputenc)                not set up for use with LaTeX.

See the inputenc package documentation for explanation.
Type  H <return>  for immediate help.
 ...                                              
                                                  
l.7 ...¿å¾—å­¦åˆ°çš„å¯¹æ¯”è¡¨ç¤ºåœ¨ä¸‹æ¸¸ä»»åŠ¡ä¸­
                                                  æ³›åŒ–è¡¨ç°è¶Šå¥½\cite{Oo...

You may provide a definition with
\DeclareUnicodeCharacter 


! Package inputenc Error: Unicode character æ³› (U+6CDB)
(inputenc)                not set up for use with LaTeX.

See the inputenc package documentation for explanation.
Type  H <return>  for immediate help.
 ...                                              
                                                  
l.7 ...—å­¦åˆ°çš„å¯¹æ¯”è¡¨ç¤ºåœ¨ä¸‹æ¸¸ä»»åŠ¡ä¸­æ³›
                                                  åŒ–è¡¨ç°è¶Šå¥½\cite{Oord:...

You may provide a definition with
\DeclareUnicodeCharacter 


! Package inputenc Error: Unicode character åŒ– (U+5316)
(inputenc)                not set up for use with LaTeX.

See the inputenc package documentation for explanation.
Type  H <return>  for immediate help.
 ...                                              
                                                  
l.7 ...¦åˆ°çš„å¯¹æ¯”è¡¨ç¤ºåœ¨ä¸‹æ¸¸ä»»åŠ¡ä¸­æ³›åŒ–
                                                  è¡¨ç°è¶Šå¥½\cite{Oord:201...

You may provide a definition with
\DeclareUnicodeCharacter 


! Package inputenc Error: Unicode character è¡¨ (U+8868)
(inputenc)                not set up for use with LaTeX.

See the inputenc package documentation for explanation.
Type  H <return>  for immediate help.
 ...                                              
                                                  
l.7 ...°çš„å¯¹æ¯”è¡¨ç¤ºåœ¨ä¸‹æ¸¸ä»»åŠ¡ä¸­æ³›åŒ–è¡¨
                                                  ç°è¶Šå¥½\cite{Oord:2018:a...

You may provide a definition with
\DeclareUnicodeCharacter 


! Package inputenc Error: Unicode character ç° (U+73B0)
(inputenc)                not set up for use with LaTeX.

See the inputenc package documentation for explanation.
Type  H <return>  for immediate help.
 ...                                              
                                                  
l.7 ...„å¯¹æ¯”è¡¨ç¤ºåœ¨ä¸‹æ¸¸ä»»åŠ¡ä¸­æ³›åŒ–è¡¨ç°
                                                  è¶Šå¥½\cite{Oord:2018:arxi...

You may provide a definition with
\DeclareUnicodeCharacter 


! Package inputenc Error: Unicode character è¶Š (U+8D8A)
(inputenc)                not set up for use with LaTeX.

See the inputenc package documentation for explanation.
Type  H <return>  for immediate help.
 ...                                              
                                                  
l.7 ...¹æ¯”è¡¨ç¤ºåœ¨ä¸‹æ¸¸ä»»åŠ¡ä¸­æ³›åŒ–è¡¨ç°è¶Š
                                                  å¥½\cite{Oord:2018:arxiv,C...

You may provide a definition with
\DeclareUnicodeCharacter 


! Package inputenc Error: Unicode character å¥½ (U+597D)
(inputenc)                not set up for use with LaTeX.

See the inputenc package documentation for explanation.
Type  H <return>  for immediate help.
 ...                                              
                                                  
l.7 ...”è¡¨ç¤ºåœ¨ä¸‹æ¸¸ä»»åŠ¡ä¸­æ³›åŒ–è¡¨ç°è¶Šå¥½
                                                  \cite{Oord:2018:arxiv,Chua...

You may provide a definition with
\DeclareUnicodeCharacter 

Missing character: There is no [ in font nullfont!
\citation{Oord:2018:arxiv}
! Undefined control sequence.
<write> ...: Citation `\@citeb ' on page \thepage 
                                                  \space undefined\on@line .
l.7 ...:arxiv,Chuang:2020:NIPS,Robinson:2021:ICLR}
                                                  ã€‚ç„¶è€Œéšç€æœªæ ‡æ³¨æ ...
The control sequence at the end of the top line
of your error message was never \def'ed. If you have
misspelled it (e.g., `\hobx'), type `I' and the correct
spelling (e.g., `I\hbox'). Otherwise just continue,
and I'll forget about whatever was undefined.


LaTeX Warning: Citation `Oord:2018:arxiv' on page  undefined on input line 7.

Missing character: There is no , in font nullfont!
\citation{Chuang:2020:NIPS}
! Undefined control sequence.
<write> ...: Citation `\@citeb ' on page \thepage 
                                                  \space undefined\on@line .
l.7 ...:arxiv,Chuang:2020:NIPS,Robinson:2021:ICLR}
                                                  ã€‚ç„¶è€Œéšç€æœªæ ‡æ³¨æ ...
The control sequence at the end of the top line
of your error message was never \def'ed. If you have
misspelled it (e.g., `\hobx'), type `I' and the correct
spelling (e.g., `I\hbox'). Otherwise just continue,
and I'll forget about whatever was undefined.


LaTeX Warning: Citation `Chuang:2020:NIPS' on page  undefined on input line 7.

Missing character: There is no , in font nullfont!
\citation{Robinson:2021:ICLR}
! Undefined control sequence.
<write> ...: Citation `\@citeb ' on page \thepage 
                                                  \space undefined\on@line .
l.7 ...:arxiv,Chuang:2020:NIPS,Robinson:2021:ICLR}
                                                  ã€‚ç„¶è€Œéšç€æœªæ ‡æ³¨æ ...
The control sequence at the end of the top line
of your error message was never \def'ed. If you have
misspelled it (e.g., `\hobx'), type `I' and the correct
spelling (e.g., `I\hbox'). Otherwise just continue,
and I'll forget about whatever was undefined.


LaTeX Warning: Citation `Robinson:2021:ICLR' on page  undefined on input line 7
.

Missing character: There is no ] in font nullfont!

! Package inputenc Error: Unicode character ã€‚ (U+3002)
(inputenc)                not set up for use with LaTeX.

See the inputenc package documentation for explanation.
Type  H <return>  for immediate help.
 ...                                              
                                                  
l.7 ...xiv,Chuang:2020:NIPS,Robinson:2021:ICLR}ã€‚
                                                  ç„¶è€Œéšç€æœªæ ‡æ³¨æ ·æœ...

You may provide a definition with
\DeclareUnicodeCharacter 


! Package inputenc Error: Unicode character ç„¶ (U+7136)
(inputenc)                not set up for use with LaTeX.

See the inputenc package documentation for explanation.
Type  H <return>  for immediate help.
 ...                                              
                                                  
l.7 ...,Chuang:2020:NIPS,Robinson:2021:ICLR}ã€‚ç„¶
                                                  è€Œéšç€æœªæ ‡æ³¨æ ·æœ¬Nç...

You may provide a definition with
\DeclareUnicodeCharacter 


! Package inputenc Error: Unicode character è€Œ (U+800C)
(inputenc)                not set up for use with LaTeX.

See the inputenc package documentation for explanation.
Type  H <return>  for immediate help.
 ...                                              
                                                  
l.7 ...uang:2020:NIPS,Robinson:2021:ICLR}ã€‚ç„¶è€Œ
                                                  éšç€æœªæ ‡æ³¨æ ·æœ¬Nçš„å...

You may provide a definition with
\DeclareUnicodeCharacter 


! Package inputenc Error: Unicode character éš (U+968F)
(inputenc)                not set up for use with LaTeX.

See the inputenc package documentation for explanation.
Type  H <return>  for immediate help.
 ...                                              
                                                  
l.7 ...g:2020:NIPS,Robinson:2021:ICLR}ã€‚ç„¶è€Œéš
                                                  ç€æœªæ ‡æ³¨æ ·æœ¬Nçš„å¢é...

You may provide a definition with
\DeclareUnicodeCharacter 


! Package inputenc Error: Unicode character ç€ (U+7740)
(inputenc)                not set up for use with LaTeX.

See the inputenc package documentation for explanation.
Type  H <return>  for immediate help.
 ...                                              
                                                  
l.7 ...020:NIPS,Robinson:2021:ICLR}ã€‚ç„¶è€Œéšç€
                                                  æœªæ ‡æ³¨æ ·æœ¬Nçš„å¢é•¿ï...

You may provide a definition with
\DeclareUnicodeCharacter 


! Package inputenc Error: Unicode character æœª (U+672A)
(inputenc)                not set up for use with LaTeX.

See the inputenc package documentation for explanation.
Type  H <return>  for immediate help.
 ...                                              
                                                  
l.7 ...:NIPS,Robinson:2021:ICLR}ã€‚ç„¶è€Œéšç€æœª
                                                  æ ‡æ³¨æ ·æœ¬Nçš„å¢é•¿ï¼Œç...

You may provide a definition with
\DeclareUnicodeCharacter 


! Package inputenc Error: Unicode character æ ‡ (U+6807)
(inputenc)                not set up for use with LaTeX.

See the inputenc package documentation for explanation.
Type  H <return>  for immediate help.
 ...                                              
                                                  
l.7 ...PS,Robinson:2021:ICLR}ã€‚ç„¶è€Œéšç€æœªæ ‡
                                                  æ³¨æ ·æœ¬Nçš„å¢é•¿ï¼ŒçœŸå...

You may provide a definition with
\DeclareUnicodeCharacter 


! Package inputenc Error: Unicode character æ³¨ (U+6CE8)
(inputenc)                not set up for use with LaTeX.

See the inputenc package documentation for explanation.
Type  H <return>  for immediate help.
 ...                                              
                                                  
l.7 ...Robinson:2021:ICLR}ã€‚ç„¶è€Œéšç€æœªæ ‡æ³¨
                                                  æ ·æœ¬Nçš„å¢é•¿ï¼ŒçœŸå®ç...

You may provide a definition with
\DeclareUnicodeCharacter 


! Package inputenc Error: Unicode character æ · (U+6837)
(inputenc)                not set up for use with LaTeX.

See the inputenc package documentation for explanation.
Type  H <return>  for immediate help.
 ...                                              
                                                  
l.7 ...inson:2021:ICLR}ã€‚ç„¶è€Œéšç€æœªæ ‡æ³¨æ ·
                                                  æœ¬Nçš„å¢é•¿ï¼ŒçœŸå®çš„æ...

You may provide a definition with
\DeclareUnicodeCharacter 


! Package inputenc Error: Unicode character æœ¬ (U+672C)
(inputenc)                not set up for use with LaTeX.

See the inputenc package documentation for explanation.
Type  H <return>  for immediate help.
 ...                                              
                                                  
l.7 ...on:2021:ICLR}ã€‚ç„¶è€Œéšç€æœªæ ‡æ³¨æ ·æœ¬
                                                  Nçš„å¢é•¿ï¼ŒçœŸå®çš„æ ‡ç...

You may provide a definition with
\DeclareUnicodeCharacter 

Missing character: There is no N in font nullfont!

! Package inputenc Error: Unicode character çš„ (U+7684)
(inputenc)                not set up for use with LaTeX.

See the inputenc package documentation for explanation.
Type  H <return>  for immediate help.
 ...                                              
                                                  
l.7 ...021:ICLR}ã€‚ç„¶è€Œéšç€æœªæ ‡æ³¨æ ·æœ¬Nçš„
                                                  å¢é•¿ï¼ŒçœŸå®çš„æ ‡ç­¾çš...

You may provide a definition with
\DeclareUnicodeCharacter 


! Package inputenc Error: Unicode character å¢ (U+589E)
(inputenc)                not set up for use with LaTeX.

See the inputenc package documentation for explanation.
Type  H <return>  for immediate help.
 ...                                              
                                                  
l.7 ...:ICLR}ã€‚ç„¶è€Œéšç€æœªæ ‡æ³¨æ ·æœ¬Nçš„å¢
                                                  é•¿ï¼ŒçœŸå®çš„æ ‡ç­¾çš„å...

You may provide a definition with
\DeclareUnicodeCharacter 


! Package inputenc Error: Unicode character é•¿ (U+957F)
(inputenc)                not set up for use with LaTeX.

See the inputenc package documentation for explanation.
Type  H <return>  for immediate help.
 ...                                              
                                                  
l.7 ...LR}ã€‚ç„¶è€Œéšç€æœªæ ‡æ³¨æ ·æœ¬Nçš„å¢é•¿
                                                  ï¼ŒçœŸå®çš„æ ‡ç­¾çš„å¯èƒ...

You may provide a definition with
\DeclareUnicodeCharacter 


! Package inputenc Error: Unicode character ï¼Œ (U+FF0C)
(inputenc)                not set up for use with LaTeX.

See the inputenc package documentation for explanation.
Type  H <return>  for immediate help.
 ...                                              
                                                  
l.7 ...ã€‚ç„¶è€Œéšç€æœªæ ‡æ³¨æ ·æœ¬Nçš„å¢é•¿ï¼Œ
                                                  çœŸå®çš„æ ‡ç­¾çš„å¯èƒ½æ€...

You may provide a definition with
\DeclareUnicodeCharacter 


! Package inputenc Error: Unicode character çœŸ (U+771F)
(inputenc)                not set up for use with LaTeX.

See the inputenc package documentation for explanation.
Type  H <return>  for immediate help.
 ...                                              
                                                  
l.7 ...ç„¶è€Œéšç€æœªæ ‡æ³¨æ ·æœ¬Nçš„å¢é•¿ï¼ŒçœŸ
                                                  å®çš„æ ‡ç­¾çš„å¯èƒ½æ€§æŒ...

You may provide a definition with
\DeclareUnicodeCharacter 


! Package inputenc Error: Unicode character å® (U+5B9E)
(inputenc)                not set up for use with LaTeX.

See the inputenc package documentation for explanation.
Type  H <return>  for immediate help.
 ...                                              
                                                  
l.7 ...è€Œéšç€æœªæ ‡æ³¨æ ·æœ¬Nçš„å¢é•¿ï¼ŒçœŸå®
                                                  çš„æ ‡ç­¾çš„å¯èƒ½æ€§æŒ‡æ•...

You may provide a definition with
\DeclareUnicodeCharacter 


! Package inputenc Error: Unicode character çš„ (U+7684)
(inputenc)                not set up for use with LaTeX.

See the inputenc package documentation for explanation.
Type  H <return>  for immediate help.
 ...                                              
                                                  
l.7 ...éšç€æœªæ ‡æ³¨æ ·æœ¬Nçš„å¢é•¿ï¼ŒçœŸå®çš„
                                                  æ ‡ç­¾çš„å¯èƒ½æ€§æŒ‡æ•°çº...

You may provide a definition with
\DeclareUnicodeCharacter 


! Package inputenc Error: Unicode character æ ‡ (U+6807)
(inputenc)                not set up for use with LaTeX.

See the inputenc package documentation for explanation.
Type  H <return>  for immediate help.
 ...                                              
                                                  
l.7 ...ç€æœªæ ‡æ³¨æ ·æœ¬Nçš„å¢é•¿ï¼ŒçœŸå®çš„æ ‡
                                                  ç­¾çš„å¯èƒ½æ€§æŒ‡æ•°çº§å¢...

You may provide a definition with
\DeclareUnicodeCharacter 


! Package inputenc Error: Unicode character ç­¾ (U+7B7E)
(inputenc)                not set up for use with LaTeX.

See the inputenc package documentation for explanation.
Type  H <return>  for immediate help.
 ...                                              
                                                  
l.7 ...æœªæ ‡æ³¨æ ·æœ¬Nçš„å¢é•¿ï¼ŒçœŸå®çš„æ ‡ç­¾
                                                  çš„å¯èƒ½æ€§æŒ‡æ•°çº§å¢é•...

You may provide a definition with
\DeclareUnicodeCharacter 


! Package inputenc Error: Unicode character çš„ (U+7684)
(inputenc)                not set up for use with LaTeX.

See the inputenc package documentation for explanation.
Type  H <return>  for immediate help.
 ...                                              
                                                  
l.7 ...æ ‡æ³¨æ ·æœ¬Nçš„å¢é•¿ï¼ŒçœŸå®çš„æ ‡ç­¾çš„
                                                  å¯èƒ½æ€§æŒ‡æ•°çº§å¢é•¿ä¸...

You may provide a definition with
\DeclareUnicodeCharacter 


! Package inputenc Error: Unicode character å¯ (U+53EF)
(inputenc)                not set up for use with LaTeX.

See the inputenc package documentation for explanation.
Type  H <return>  for immediate help.
 ...                                              
                                                  
l.7 ...æ³¨æ ·æœ¬Nçš„å¢é•¿ï¼ŒçœŸå®çš„æ ‡ç­¾çš„å¯
                                                  èƒ½æ€§æŒ‡æ•°çº§å¢é•¿ä¸º$2...

You may provide a definition with
\DeclareUnicodeCharacter 


! Package inputenc Error: Unicode character èƒ½ (U+80FD)
(inputenc)                not set up for use with LaTeX.

See the inputenc package documentation for explanation.
Type  H <return>  for immediate help.
 ...                                              
                                                  
l.7 ...æ ·æœ¬Nçš„å¢é•¿ï¼ŒçœŸå®çš„æ ‡ç­¾çš„å¯èƒ½
                                                  æ€§æŒ‡æ•°çº§å¢é•¿ä¸º$2^N$...

You may provide a definition with
\DeclareUnicodeCharacter 


! Package inputenc Error: Unicode character æ€§ (U+6027)
(inputenc)                not set up for use with LaTeX.

See the inputenc package documentation for explanation.
Type  H <return>  for immediate help.
 ...                                              
                                                  
l.7 ...æœ¬Nçš„å¢é•¿ï¼ŒçœŸå®çš„æ ‡ç­¾çš„å¯èƒ½æ€§
                                                  æŒ‡æ•°çº§å¢é•¿ä¸º$2^N$ç§...

You may provide a definition with
\DeclareUnicodeCharacter 


! Package inputenc Error: Unicode character æŒ‡ (U+6307)
(inputenc)                not set up for use with LaTeX.

See the inputenc package documentation for explanation.
Type  H <return>  for immediate help.
 ...                                              
                                                  
l.7 ...Nçš„å¢é•¿ï¼ŒçœŸå®çš„æ ‡ç­¾çš„å¯èƒ½æ€§æŒ‡
                                                  æ•°çº§å¢é•¿ä¸º$2^N$ç§ï¼Œ...

You may provide a definition with
\DeclareUnicodeCharacter 


! Package inputenc Error: Unicode character æ•° (U+6570)
(inputenc)                not set up for use with LaTeX.

See the inputenc package documentation for explanation.
Type  H <return>  for immediate help.
 ...                                              
                                                  
l.7 ...„å¢é•¿ï¼ŒçœŸå®çš„æ ‡ç­¾çš„å¯èƒ½æ€§æŒ‡æ•°
                                                  çº§å¢é•¿ä¸º$2^N$ç§ï¼Œéš¾...

You may provide a definition with
\DeclareUnicodeCharacter 


! Package inputenc Error: Unicode character çº§ (U+7EA7)
(inputenc)                not set up for use with LaTeX.

See the inputenc package documentation for explanation.
Type  H <return>  for immediate help.
 ...                                              
                                                  
l.7 ...é•¿ï¼ŒçœŸå®çš„æ ‡ç­¾çš„å¯èƒ½æ€§æŒ‡æ•°çº§
                                                  å¢é•¿ä¸º$2^N$ç§ï¼Œéš¾ä»¥...

You may provide a definition with
\DeclareUnicodeCharacter 


! Package inputenc Error: Unicode character å¢ (U+589E)
(inputenc)                not set up for use with LaTeX.

See the inputenc package documentation for explanation.
Type  H <return>  for immediate help.
 ...                                              
                                                  
l.7 ...¿ï¼ŒçœŸå®çš„æ ‡ç­¾çš„å¯èƒ½æ€§æŒ‡æ•°çº§å¢
                                                  é•¿ä¸º$2^N$ç§ï¼Œéš¾ä»¥è¢«...

You may provide a definition with
\DeclareUnicodeCharacter 


! Package inputenc Error: Unicode character é•¿ (U+957F)
(inputenc)                not set up for use with LaTeX.

See the inputenc package documentation for explanation.
Type  H <return>  for immediate help.
 ...                                              
                                                  
l.7 ...ŒçœŸå®çš„æ ‡ç­¾çš„å¯èƒ½æ€§æŒ‡æ•°çº§å¢é•¿
                                                  ä¸º$2^N$ç§ï¼Œéš¾ä»¥è¢«æš...

You may provide a definition with
\DeclareUnicodeCharacter 


! Package inputenc Error: Unicode character ä¸º (U+4E3A)
(inputenc)                not set up for use with LaTeX.

See the inputenc package documentation for explanation.
Type  H <return>  for immediate help.
 ...                                              
                                                  
l.7 ...Ÿå®çš„æ ‡ç­¾çš„å¯èƒ½æ€§æŒ‡æ•°çº§å¢é•¿ä¸º
                                                  $2^N$ç§ï¼Œéš¾ä»¥è¢«æšä¸¾...

You may provide a definition with
\DeclareUnicodeCharacter 

LaTeX Font Info:    External font `cmex10' loaded for size
(Font)              <7> on input line 7.
LaTeX Font Info:    External font `cmex10' loaded for size
(Font)              <5> on input line 7.

! Package inputenc Error: Unicode character ç§ (U+79CD)
(inputenc)                not set up for use with LaTeX.

See the inputenc package documentation for explanation.
Type  H <return>  for immediate help.
 ...                                              
                                                  
l.7 ... ‡ç­¾çš„å¯èƒ½æ€§æŒ‡æ•°çº§å¢é•¿ä¸º$2^N$ç§
                                                  ï¼Œéš¾ä»¥è¢«æšä¸¾å‡ºæ¥ï¼...

You may provide a definition with
\DeclareUnicodeCharacter 


! Package inputenc Error: Unicode character ï¼Œ (U+FF0C)
(inputenc)                not set up for use with LaTeX.

See the inputenc package documentation for explanation.
Type  H <return>  for immediate help.
 ...                                              
                                                  
l.7 ...­¾çš„å¯èƒ½æ€§æŒ‡æ•°çº§å¢é•¿ä¸º$2^N$ç§ï¼Œ
                                                  éš¾ä»¥è¢«æšä¸¾å‡ºæ¥ï¼Œå¯...

You may provide a definition with
\DeclareUnicodeCharacter 


! Package inputenc Error: Unicode character éš¾ (U+96BE)
(inputenc)                not set up for use with LaTeX.

See the inputenc package documentation for explanation.
Type  H <return>  for immediate help.
 ...                                              
                                                  
l.7 ...š„å¯èƒ½æ€§æŒ‡æ•°çº§å¢é•¿ä¸º$2^N$ç§ï¼Œéš¾
                                                  ä»¥è¢«æšä¸¾å‡ºæ¥ï¼Œå¯¼è‡...

You may provide a definition with
\DeclareUnicodeCharacter 


! Package inputenc Error: Unicode character ä»¥ (U+4EE5)
(inputenc)                not set up for use with LaTeX.

See the inputenc package documentation for explanation.
Type  H <return>  for immediate help.
 ...                                              
                                                  
l.7 ...¯èƒ½æ€§æŒ‡æ•°çº§å¢é•¿ä¸º$2^N$ç§ï¼Œéš¾ä»¥
                                                  è¢«æšä¸¾å‡ºæ¥ï¼Œå¯¼è‡´ä¸...
(That makes 100 errors; please try again.) 
Here is how much of TeX's memory you used:
 93 strings out of 478994
 1070 string characters out of 5858183
 283038 words of memory out of 5000000
 17677 multiletter control sequences out of 15000+600000
 403738 words of font info for 28 fonts, out of 8000000 for 9000
 1141 hyphenation exceptions out of 8191
 18i,2n,24p,1343b,90s stack positions out of 5000i,500n,10000p,200000b,80000s

!  ==> Fatal error occurred, no output PDF file produced!
